<?xml version="1.0" encoding="UTF-8"?>
<!-- Generated by org.testng.reporters.JUnitReportReporter -->
<testsuite skipped="0" hostname="Win-10-Pro" name="test.LoginTest" tests="1" failures="0" timestamp="22 Aug 2020 17:48:54 GMT" time="10.152" errors="0">
  <testcase name="validUserShouldBeAbleToLogin" time="10.152" classname="test.LoginTest"/>
</testsuite> <!-- test.LoginTest -->
