<?xml version="1.0" encoding="UTF-8"?>
<!-- Generated by org.testng.reporters.JUnitReportReporter -->
<testsuite skipped="0" hostname="Win-10-Pro" name="test.LoginTest" tests="1" failures="0" timestamp="24 Aug 2020 22:15:51 GMT" time="9.683" errors="0">
  <testcase name="validUserShouldBeAbleToLogin" time="9.683" classname="test.LoginTest"/>
</testsuite> <!-- test.LoginTest -->
